24-Nov-2019 03:21:32.160 INFO [main] org.apache.catalina.core.ApplicationContext.log ContextListener: contextInitialized()
24-Nov-2019 03:21:32.160 INFO [main] org.apache.catalina.core.ApplicationContext.log SessionListener: contextInitialized()
24-Nov-2019 03:21:32.162 INFO [main] org.apache.catalina.core.ApplicationContext.log ContextListener: attributeAdded('StockTicker', 'async.Stockticker@8ab78bc')
24-Nov-2019 03:27:18.975 INFO [main] org.apache.catalina.core.ApplicationContext.log ContextListener: contextInitialized()
24-Nov-2019 03:27:18.975 INFO [main] org.apache.catalina.core.ApplicationContext.log SessionListener: contextInitialized()
24-Nov-2019 03:27:18.978 INFO [main] org.apache.catalina.core.ApplicationContext.log ContextListener: attributeAdded('StockTicker', 'async.Stockticker@70925b45')
24-Nov-2019 03:27:19.123 INFO [main] org.apache.catalina.core.ApplicationContext.log SessionListener: contextDestroyed()
24-Nov-2019 03:27:19.123 INFO [main] org.apache.catalina.core.ApplicationContext.log ContextListener: contextDestroyed()
24-Nov-2019 03:29:04.902 INFO [main] org.apache.catalina.core.ApplicationContext.log SessionListener: contextDestroyed()
24-Nov-2019 03:29:04.902 INFO [main] org.apache.catalina.core.ApplicationContext.log ContextListener: contextDestroyed()
24-Nov-2019 03:41:11.287 INFO [main] org.apache.catalina.core.ApplicationContext.log ContextListener: contextInitialized()
24-Nov-2019 03:41:11.288 INFO [main] org.apache.catalina.core.ApplicationContext.log SessionListener: contextInitialized()
24-Nov-2019 03:41:11.290 INFO [main] org.apache.catalina.core.ApplicationContext.log ContextListener: attributeAdded('StockTicker', 'async.Stockticker@3277e499')
24-Nov-2019 03:48:59.832 SEVERE [http-nio-8080-exec-4] org.apache.catalina.core.StandardWrapperValve.invoke Servlet.service() for servlet [testServlet.ConsultaEstudianteServlet] in context with path [/test] threw exception
	java.lang.NullPointerException
		at testServlet.ConsultaEstudianteServlet.doGet(ConsultaEstudianteServlet.java:28)
		at javax.servlet.http.HttpServlet.service(HttpServlet.java:634)
		at javax.servlet.http.HttpServlet.service(HttpServlet.java:741)
		at org.apache.catalina.core.ApplicationFilterChain.internalDoFilter(ApplicationFilterChain.java:231)
		at org.apache.catalina.core.ApplicationFilterChain.doFilter(ApplicationFilterChain.java:166)
		at org.apache.tomcat.websocket.server.WsFilter.doFilter(WsFilter.java:53)
		at org.apache.catalina.core.ApplicationFilterChain.internalDoFilter(ApplicationFilterChain.java:193)
		at org.apache.catalina.core.ApplicationFilterChain.doFilter(ApplicationFilterChain.java:166)
		at org.apache.catalina.core.StandardWrapperValve.invoke(StandardWrapperValve.java:202)
		at org.apache.catalina.core.StandardContextValve.invoke(StandardContextValve.java:96)
		at org.apache.catalina.authenticator.AuthenticatorBase.invoke(AuthenticatorBase.java:526)
		at org.apache.catalina.core.StandardHostValve.invoke(StandardHostValve.java:139)
		at org.apache.catalina.valves.ErrorReportValve.invoke(ErrorReportValve.java:92)
		at org.apache.catalina.valves.AbstractAccessLogValve.invoke(AbstractAccessLogValve.java:678)
		at org.apache.catalina.core.StandardEngineValve.invoke(StandardEngineValve.java:74)
		at org.apache.catalina.connector.CoyoteAdapter.service(CoyoteAdapter.java:343)
		at org.apache.coyote.http11.Http11Processor.service(Http11Processor.java:367)
		at org.apache.coyote.AbstractProcessorLight.process(AbstractProcessorLight.java:65)
		at org.apache.coyote.AbstractProtocol$ConnectionHandler.process(AbstractProtocol.java:860)
		at org.apache.tomcat.util.net.NioEndpoint$SocketProcessor.doRun(NioEndpoint.java:1591)
		at org.apache.tomcat.util.net.SocketProcessorBase.run(SocketProcessorBase.java:49)
		at java.base/java.util.concurrent.ThreadPoolExecutor.runWorker(ThreadPoolExecutor.java:1135)
		at java.base/java.util.concurrent.ThreadPoolExecutor$Worker.run(ThreadPoolExecutor.java:635)
		at org.apache.tomcat.util.threads.TaskThread$WrappingRunnable.run(TaskThread.java:61)
		at java.base/java.lang.Thread.run(Thread.java:844)
24-Nov-2019 03:54:01.406 SEVERE [http-nio-8080-exec-5] org.apache.catalina.core.StandardWrapperValve.invoke Servlet.service() for servlet [testServlet.ConsultaEstudianteServlet] in context with path [/test] threw exception
	java.lang.NullPointerException
		at testServlet.ConsultaEstudianteServlet.doGet(ConsultaEstudianteServlet.java:28)
		at javax.servlet.http.HttpServlet.service(HttpServlet.java:634)
		at javax.servlet.http.HttpServlet.service(HttpServlet.java:741)
		at org.apache.catalina.core.ApplicationFilterChain.internalDoFilter(ApplicationFilterChain.java:231)
		at org.apache.catalina.core.ApplicationFilterChain.doFilter(ApplicationFilterChain.java:166)
		at org.apache.tomcat.websocket.server.WsFilter.doFilter(WsFilter.java:53)
		at org.apache.catalina.core.ApplicationFilterChain.internalDoFilter(ApplicationFilterChain.java:193)
		at org.apache.catalina.core.ApplicationFilterChain.doFilter(ApplicationFilterChain.java:166)
		at org.apache.catalina.core.StandardWrapperValve.invoke(StandardWrapperValve.java:202)
		at org.apache.catalina.core.StandardContextValve.invoke(StandardContextValve.java:96)
		at org.apache.catalina.authenticator.AuthenticatorBase.invoke(AuthenticatorBase.java:526)
		at org.apache.catalina.core.StandardHostValve.invoke(StandardHostValve.java:139)
		at org.apache.catalina.valves.ErrorReportValve.invoke(ErrorReportValve.java:92)
		at org.apache.catalina.valves.AbstractAccessLogValve.invoke(AbstractAccessLogValve.java:678)
		at org.apache.catalina.core.StandardEngineValve.invoke(StandardEngineValve.java:74)
		at org.apache.catalina.connector.CoyoteAdapter.service(CoyoteAdapter.java:343)
		at org.apache.coyote.http11.Http11Processor.service(Http11Processor.java:367)
		at org.apache.coyote.AbstractProcessorLight.process(AbstractProcessorLight.java:65)
		at org.apache.coyote.AbstractProtocol$ConnectionHandler.process(AbstractProtocol.java:860)
		at org.apache.tomcat.util.net.NioEndpoint$SocketProcessor.doRun(NioEndpoint.java:1591)
		at org.apache.tomcat.util.net.SocketProcessorBase.run(SocketProcessorBase.java:49)
		at java.base/java.util.concurrent.ThreadPoolExecutor.runWorker(ThreadPoolExecutor.java:1135)
		at java.base/java.util.concurrent.ThreadPoolExecutor$Worker.run(ThreadPoolExecutor.java:635)
		at org.apache.tomcat.util.threads.TaskThread$WrappingRunnable.run(TaskThread.java:61)
		at java.base/java.lang.Thread.run(Thread.java:844)
24-Nov-2019 03:54:20.502 INFO [main] org.apache.catalina.core.ApplicationContext.log SessionListener: contextDestroyed()
24-Nov-2019 03:54:20.502 INFO [main] org.apache.catalina.core.ApplicationContext.log ContextListener: contextDestroyed()
24-Nov-2019 03:54:24.319 INFO [main] org.apache.catalina.core.ApplicationContext.log ContextListener: contextInitialized()
24-Nov-2019 03:54:24.320 INFO [main] org.apache.catalina.core.ApplicationContext.log SessionListener: contextInitialized()
24-Nov-2019 03:54:24.322 INFO [main] org.apache.catalina.core.ApplicationContext.log ContextListener: attributeAdded('StockTicker', 'async.Stockticker@22c01ab0')
24-Nov-2019 03:56:15.177 INFO [main] org.apache.catalina.core.ApplicationContext.log SessionListener: contextDestroyed()
24-Nov-2019 03:56:15.177 INFO [main] org.apache.catalina.core.ApplicationContext.log ContextListener: contextDestroyed()
24-Nov-2019 03:56:18.739 INFO [main] org.apache.catalina.core.ApplicationContext.log ContextListener: contextInitialized()
24-Nov-2019 03:56:18.739 INFO [main] org.apache.catalina.core.ApplicationContext.log SessionListener: contextInitialized()
24-Nov-2019 03:56:18.742 INFO [main] org.apache.catalina.core.ApplicationContext.log ContextListener: attributeAdded('StockTicker', 'async.Stockticker@3277e499')
24-Nov-2019 03:58:18.442 INFO [main] org.apache.catalina.core.ApplicationContext.log SessionListener: contextDestroyed()
24-Nov-2019 03:58:18.442 INFO [main] org.apache.catalina.core.ApplicationContext.log ContextListener: contextDestroyed()
24-Nov-2019 03:58:21.004 INFO [main] org.apache.catalina.core.ApplicationContext.log ContextListener: contextInitialized()
24-Nov-2019 03:58:21.004 INFO [main] org.apache.catalina.core.ApplicationContext.log SessionListener: contextInitialized()
24-Nov-2019 03:58:21.006 INFO [main] org.apache.catalina.core.ApplicationContext.log ContextListener: attributeAdded('StockTicker', 'async.Stockticker@76318a7d')
24-Nov-2019 04:00:19.201 INFO [main] org.apache.catalina.core.ApplicationContext.log SessionListener: contextDestroyed()
24-Nov-2019 04:00:19.201 INFO [main] org.apache.catalina.core.ApplicationContext.log ContextListener: contextDestroyed()
24-Nov-2019 04:00:21.903 INFO [main] org.apache.catalina.core.ApplicationContext.log ContextListener: contextInitialized()
24-Nov-2019 04:00:21.903 INFO [main] org.apache.catalina.core.ApplicationContext.log SessionListener: contextInitialized()
24-Nov-2019 04:00:21.907 INFO [main] org.apache.catalina.core.ApplicationContext.log ContextListener: attributeAdded('StockTicker', 'async.Stockticker@22c01ab0')
24-Nov-2019 04:03:32.037 INFO [main] org.apache.catalina.core.ApplicationContext.log SessionListener: contextDestroyed()
24-Nov-2019 04:03:32.037 INFO [main] org.apache.catalina.core.ApplicationContext.log ContextListener: contextDestroyed()
24-Nov-2019 05:19:16.087 INFO [main] org.apache.catalina.core.ApplicationContext.log ContextListener: contextInitialized()
24-Nov-2019 05:19:16.087 INFO [main] org.apache.catalina.core.ApplicationContext.log SessionListener: contextInitialized()
24-Nov-2019 05:19:16.090 INFO [main] org.apache.catalina.core.ApplicationContext.log ContextListener: attributeAdded('StockTicker', 'async.Stockticker@121c54fa')
24-Nov-2019 05:22:18.421 INFO [main] org.apache.catalina.core.ApplicationContext.log SessionListener: contextDestroyed()
24-Nov-2019 05:22:18.421 INFO [main] org.apache.catalina.core.ApplicationContext.log ContextListener: contextDestroyed()
24-Nov-2019 05:22:21.420 INFO [main] org.apache.catalina.core.ApplicationContext.log ContextListener: contextInitialized()
24-Nov-2019 05:22:21.420 INFO [main] org.apache.catalina.core.ApplicationContext.log SessionListener: contextInitialized()
24-Nov-2019 05:22:21.423 INFO [main] org.apache.catalina.core.ApplicationContext.log ContextListener: attributeAdded('StockTicker', 'async.Stockticker@7c6442c2')
24-Nov-2019 05:24:40.459 INFO [main] org.apache.catalina.core.ApplicationContext.log SessionListener: contextDestroyed()
24-Nov-2019 05:24:40.459 INFO [main] org.apache.catalina.core.ApplicationContext.log ContextListener: contextDestroyed()
24-Nov-2019 05:24:43.300 INFO [main] org.apache.catalina.core.ApplicationContext.log ContextListener: contextInitialized()
24-Nov-2019 05:24:43.300 INFO [main] org.apache.catalina.core.ApplicationContext.log SessionListener: contextInitialized()
24-Nov-2019 05:24:43.305 INFO [main] org.apache.catalina.core.ApplicationContext.log ContextListener: attributeAdded('StockTicker', 'async.Stockticker@2d746ce4')
